
Circuit 1 cell sky130_fd_pr__pfet_01v8_hvt and Circuit 2 cell sky130_fd_pr__pfet_01v8_hvt are black boxes.
Warning: Equate pins:  cell sky130_fd_pr__pfet_01v8_hvt is a placeholder, treated as a black box.
Warning: Equate pins:  cell sky130_fd_pr__pfet_01v8_hvt is a placeholder, treated as a black box.

Subcircuit pins:
Circuit 1: sky130_fd_pr__pfet_01v8_hvt     |Circuit 2: sky130_fd_pr__pfet_01v8_hvt     
-------------------------------------------|-------------------------------------------
1                                          |1                                          
2                                          |2                                          
3                                          |3                                          
4                                          |4                                          
---------------------------------------------------------------------------------------
Cell pin lists are equivalent.
Device classes sky130_fd_pr__pfet_01v8_hvt and sky130_fd_pr__pfet_01v8_hvt are equivalent.
Flattening unmatched subcell pfet_2series in circuit pbias_vb123 (0)(105 instances)

Class pbias_vb123 (1):  Merged 95 parallel devices.
Subcircuit summary:
Circuit 1: pbias_vb123                     |Circuit 2: pbias_vb123                     
-------------------------------------------|-------------------------------------------
sky130_fd_pr__pfet_01v8_hvt (306->211)     |sky130_fd_pr__pfet_01v8_hvt (306->211)     
Number of devices: 211                     |Number of devices: 211                     
Number of nets: 109                        |Number of nets: 109                        
---------------------------------------------------------------------------------------
Resolving symmetries by property value.
Resolving symmetries by pin name.
Netlists match with 9 symmetries.

Subcircuit pins:
Circuit 1: pbias_vb123                     |Circuit 2: pbias_vb123                     
-------------------------------------------|-------------------------------------------
VB3                                        |VB3                                        
VB2                                        |VB2                                        
VB1                                        |VB1                                        
AVDD                                       |AVDD                                       
---------------------------------------------------------------------------------------
Cell pin lists are equivalent.
Device classes pbias_vb123 and pbias_vb123 are equivalent.

Final result: Circuits match uniquely.
.
