
Circuit 1 cell sky130_fd_pr__pfet_01v8_hvt and Circuit 2 cell sky130_fd_pr__pfet_01v8_hvt are black boxes.
Warning: Equate pins:  cell sky130_fd_pr__pfet_01v8_hvt is a placeholder, treated as a black box.
Warning: Equate pins:  cell sky130_fd_pr__pfet_01v8_hvt is a placeholder, treated as a black box.

Subcircuit pins:
Circuit 1: sky130_fd_pr__pfet_01v8_hvt     |Circuit 2: sky130_fd_pr__pfet_01v8_hvt     
-------------------------------------------|-------------------------------------------
1                                          |1                                          
2                                          |2                                          
3                                          |3                                          
4                                          |4                                          
---------------------------------------------------------------------------------------
Cell pin lists are equivalent.
Device classes sky130_fd_pr__pfet_01v8_hvt and sky130_fd_pr__pfet_01v8_hvt are equivalent.

Circuit 1 cell sky130_fd_pr__nfet_01v8 and Circuit 2 cell sky130_fd_pr__nfet_01v8 are black boxes.
Warning: Equate pins:  cell sky130_fd_pr__nfet_01v8 is a placeholder, treated as a black box.
Warning: Equate pins:  cell sky130_fd_pr__nfet_01v8 is a placeholder, treated as a black box.

Subcircuit pins:
Circuit 1: sky130_fd_pr__nfet_01v8         |Circuit 2: sky130_fd_pr__nfet_01v8         
-------------------------------------------|-------------------------------------------
1                                          |1                                          
2                                          |2                                          
3                                          |3                                          
4                                          |4                                          
---------------------------------------------------------------------------------------
Cell pin lists are equivalent.
Device classes sky130_fd_pr__nfet_01v8 and sky130_fd_pr__nfet_01v8 are equivalent.
Flattening unmatched subcell dda in circuit ina_top (0)(1 instance)
Flattening unmatched subcell pfets_8x in circuit ina_top (0)(1 instance)
Flattening unmatched subcell pfets_4x in circuit ina_top (0)(8 instances)
Flattening unmatched subcell pfets in circuit ina_top (0)(32 instances)
Flattening unmatched subcell nfets_2x in circuit ina_top (0)(3 instances)
Flattening unmatched subcell nfets in circuit ina_top (0)(6 instances)
Flattening unmatched subcell nfets_4x in circuit ina_top (0)(2 instances)
Flattening unmatched subcell nfets_2x in circuit ina_top (0)(4 instances)
Flattening unmatched subcell nfets in circuit ina_top (0)(8 instances)
Flattening unmatched subcell bias in circuit ina_top (0)(1 instance)
Flattening unmatched subcell nbias_vb124 in circuit ina_top (0)(1 instance)
Flattening unmatched subcell nfet_2series in circuit ina_top (0)(20 instances)
Flattening unmatched subcell pbias_vb123 in circuit ina_top (0)(1 instance)
Flattening unmatched subcell pfet_2series in circuit ina_top (0)(105 instances)
Flattening unmatched subcell pbias_vb4 in circuit ina_top (0)(1 instance)
Flattening unmatched subcell nbias_vb3 in circuit ina_top (0)(1 instance)
Flattening unmatched subcell nfet_2series in circuit ina_top (0)(2 instances)

Class ina_top (0):  Merged 163 parallel devices.
Class ina_top (1):  Merged 3023 parallel devices.
Subcircuit summary:
Circuit 1: ina_top                         |Circuit 2: ina_top                         
-------------------------------------------|-------------------------------------------
sky130_fd_pr__pfet_01v8_hvt (2837->239)    |sky130_fd_pr__pfet_01v8_hvt (2837->239)    
sky130_fd_pr__nfet_01v8 (480->55)          |sky130_fd_pr__nfet_01v8 (480->55)          
Number of devices: 294                     |Number of devices: 294                     
Number of nets: 163                        |Number of nets: 163                        
---------------------------------------------------------------------------------------
Resolving symmetries by property value.
Resolving symmetries by pin name.
Netlists match with 26 symmetries.

Subcircuit pins:
Circuit 1: ina_top                         |Circuit 2: ina_top                         
-------------------------------------------|-------------------------------------------
IREF                                       |IREF                                       
VCM                                        |VCM                                        
VO1                                        |VO1                                        
VO2                                        |VO2                                        
VI_1A                                      |VI_1A                                      
VI_2A                                      |VI_2A                                      
VI_2B                                      |VI_2B                                      
VI_1B                                      |VI_1B                                      
AVSS                                       |AVSS                                       
AVDD                                       |AVDD                                       
---------------------------------------------------------------------------------------
Cell pin lists are equivalent.
Device classes ina_top and ina_top are equivalent.

Final result: Circuits match uniquely.
.
