
Circuit 1 cell sky130_fd_pr__nfet_01v8 and Circuit 2 cell sky130_fd_pr__nfet_01v8 are black boxes.
Warning: Equate pins:  cell sky130_fd_pr__nfet_01v8 is a placeholder, treated as a black box.
Warning: Equate pins:  cell sky130_fd_pr__nfet_01v8 is a placeholder, treated as a black box.

Subcircuit pins:
Circuit 1: sky130_fd_pr__nfet_01v8         |Circuit 2: sky130_fd_pr__nfet_01v8         
-------------------------------------------|-------------------------------------------
1                                          |1                                          
2                                          |2                                          
3                                          |3                                          
4                                          |4                                          
---------------------------------------------------------------------------------------
Cell pin lists are equivalent.
Device classes sky130_fd_pr__nfet_01v8 and sky130_fd_pr__nfet_01v8 are equivalent.
Flattening unmatched subcell nfet_2series in circuit nbias_vb3 (0)(2 instances)

Class nbias_vb3 (0):  Merged 13 parallel devices.
Class nbias_vb3 (1):  Merged 13 parallel devices.
Subcircuit summary:
Circuit 1: nbias_vb3                       |Circuit 2: nbias_vb3                       
-------------------------------------------|-------------------------------------------
sky130_fd_pr__nfet_01v8 (18->5)            |sky130_fd_pr__nfet_01v8 (18->5)            
Number of devices: 5                       |Number of devices: 5                       
Number of nets: 5                          |Number of nets: 5                          
---------------------------------------------------------------------------------------
Netlists match uniquely.

Subcircuit pins:
Circuit 1: nbias_vb3                       |Circuit 2: nbias_vb3                       
-------------------------------------------|-------------------------------------------
VB3                                        |VB3                                        
AVSS                                       |AVSS                                       
---------------------------------------------------------------------------------------
Cell pin lists are equivalent.
Device classes nbias_vb3 and nbias_vb3 are equivalent.

Final result: Circuits match uniquely.
.
