
Circuit 1 cell sky130_fd_pr__nfet_01v8 and Circuit 2 cell sky130_fd_pr__nfet_01v8 are black boxes.
Warning: Equate pins:  cell sky130_fd_pr__nfet_01v8 is a placeholder, treated as a black box.
Warning: Equate pins:  cell sky130_fd_pr__nfet_01v8 is a placeholder, treated as a black box.

Subcircuit pins:
Circuit 1: sky130_fd_pr__nfet_01v8         |Circuit 2: sky130_fd_pr__nfet_01v8         
-------------------------------------------|-------------------------------------------
1                                          |1                                          
2                                          |2                                          
3                                          |3                                          
4                                          |4                                          
---------------------------------------------------------------------------------------
Cell pin lists are equivalent.
Device classes sky130_fd_pr__nfet_01v8 and sky130_fd_pr__nfet_01v8 are equivalent.

Circuit 1 cell sky130_fd_pr__pfet_01v8_hvt and Circuit 2 cell sky130_fd_pr__pfet_01v8_hvt are black boxes.
Warning: Equate pins:  cell sky130_fd_pr__pfet_01v8_hvt is a placeholder, treated as a black box.
Warning: Equate pins:  cell sky130_fd_pr__pfet_01v8_hvt is a placeholder, treated as a black box.

Subcircuit pins:
Circuit 1: sky130_fd_pr__pfet_01v8_hvt     |Circuit 2: sky130_fd_pr__pfet_01v8_hvt     
-------------------------------------------|-------------------------------------------
1                                          |1                                          
2                                          |2                                          
3                                          |3                                          
4                                          |4                                          
---------------------------------------------------------------------------------------
Cell pin lists are equivalent.
Device classes sky130_fd_pr__pfet_01v8_hvt and sky130_fd_pr__pfet_01v8_hvt are equivalent.
Flattening unmatched subcell nbias_vb124 in circuit bias (0)(1 instance)
Flattening unmatched subcell nfet_2series in circuit bias (0)(20 instances)
Flattening unmatched subcell pbias_vb123 in circuit bias (0)(1 instance)
Flattening unmatched subcell pfet_2series in circuit bias (0)(105 instances)
Flattening unmatched subcell pbias_vb4 in circuit bias (0)(1 instance)
Flattening unmatched subcell nbias_vb3 in circuit bias (0)(1 instance)
Flattening unmatched subcell nfet_2series in circuit bias (0)(2 instances)

Class bias (0):  Merged 34 parallel devices.
Class bias (1):  Merged 172 parallel devices.
Subcircuit summary:
Circuit 1: bias                            |Circuit 2: bias                            
-------------------------------------------|-------------------------------------------
sky130_fd_pr__nfet_01v8 (102->45)          |sky130_fd_pr__nfet_01v8 (102->45)          
sky130_fd_pr__pfet_01v8_hvt (341->226)     |sky130_fd_pr__pfet_01v8_hvt (341->226)     
Number of devices: 271                     |Number of devices: 271                     
Number of nets: 145                        |Number of nets: 145                        
---------------------------------------------------------------------------------------
Resolving symmetries by property value.
Resolving symmetries by pin name.
Netlists match with 26 symmetries.

Subcircuit pins:
Circuit 1: bias                            |Circuit 2: bias                            
-------------------------------------------|-------------------------------------------
AVDD                                       |AVDD                                       
VB3                                        |VB3                                        
AVSS                                       |AVSS                                       
VB1                                        |VB1                                        
VB2                                        |VB2                                        
VB4                                        |VB4                                        
IREF                                       |IREF                                       
---------------------------------------------------------------------------------------
Cell pin lists are equivalent.
Device classes bias and bias are equivalent.

Final result: Circuits match uniquely.
.
