
Circuit 1 cell sky130_fd_pr__nfet_01v8 and Circuit 2 cell sky130_fd_pr__nfet_01v8 are black boxes.
Warning: Equate pins:  cell sky130_fd_pr__nfet_01v8 is a placeholder, treated as a black box.
Warning: Equate pins:  cell sky130_fd_pr__nfet_01v8 is a placeholder, treated as a black box.

Subcircuit pins:
Circuit 1: sky130_fd_pr__nfet_01v8         |Circuit 2: sky130_fd_pr__nfet_01v8         
-------------------------------------------|-------------------------------------------
1                                          |1                                          
2                                          |2                                          
3                                          |3                                          
4                                          |4                                          
---------------------------------------------------------------------------------------
Cell pin lists are equivalent.
Device classes sky130_fd_pr__nfet_01v8 and sky130_fd_pr__nfet_01v8 are equivalent.
Flattening unmatched subcell nfet_2series in circuit nbias_vb124 (0)(20 instances)

Class nbias_vb124 (1):  Merged 43 parallel devices.
Subcircuit summary:
Circuit 1: nbias_vb124                     |Circuit 2: nbias_vb124                     
-------------------------------------------|-------------------------------------------
sky130_fd_pr__nfet_01v8 (84->41)           |sky130_fd_pr__nfet_01v8 (84->41)           
Number of devices: 41                      |Number of devices: 41                      
Number of nets: 25                         |Number of nets: 25                         
---------------------------------------------------------------------------------------
Resolving symmetries by property value.
Resolving symmetries by pin name.
Netlists match with 12 symmetries.

Subcircuit pins:
Circuit 1: nbias_vb124                     |Circuit 2: nbias_vb124                     
-------------------------------------------|-------------------------------------------
VB1                                        |VB1                                        
VB4                                        |VB4                                        
IREF                                       |IREF                                       
VB2                                        |VB2                                        
AVSS                                       |AVSS                                       
---------------------------------------------------------------------------------------
Cell pin lists are equivalent.
Device classes nbias_vb124 and nbias_vb124 are equivalent.

Final result: Circuits match uniquely.
.
